Using pre-set license
Built from '2021.3/staging' branch; Version is '2021.3.13f1 (9e7d58001ecf) revision 10386776'; Using compiler version '192829333'; Build Type 'Release'
OS: 'Windows 10  (10.0.19044) 64bit Enterprise' Language: 'en' Physical Memory: 16317 MB
BatchMode: 1, IsHumanControllingUs: 0, StartBugReporterOnCrash: 0, Is64bit: 1, IsPro: 1

COMMAND LINE ARGUMENTS:
C:\Program Files\Unity\Hub\Editor\2021.3.13f1\Editor\Unity.exe
-adb2
-batchMode
-noUpm
-name
AssetImportWorker2
-projectPath
C:/Users/109992/Documents/GitHub/neatrobotgame/ROBOT GAME
-logFile
Logs/AssetImportWorker2.log
-srvPort
50314
Successfully changed project path to: C:/Users/109992/Documents/GitHub/neatrobotgame/ROBOT GAME
C:/Users/109992/Documents/GitHub/neatrobotgame/ROBOT GAME
[UnityMemory] Configuration Parameters - Can be set up in boot.config
    "memorysetup-bucket-allocator-granularity=16"
    "memorysetup-bucket-allocator-bucket-count=8"
    "memorysetup-bucket-allocator-block-size=33554432"
    "memorysetup-bucket-allocator-block-count=8"
    "memorysetup-main-allocator-block-size=16777216"
    "memorysetup-thread-allocator-block-size=16777216"
    "memorysetup-gfx-main-allocator-block-size=16777216"
    "memorysetup-gfx-thread-allocator-block-size=16777216"
    "memorysetup-cache-allocator-block-size=4194304"
    "memorysetup-typetree-allocator-block-size=2097152"
    "memorysetup-profiler-bucket-allocator-granularity=16"
    "memorysetup-profiler-bucket-allocator-bucket-count=8"
    "memorysetup-profiler-bucket-allocator-block-size=33554432"
    "memorysetup-profiler-bucket-allocator-block-count=8"
    "memorysetup-profiler-allocator-block-size=16777216"
    "memorysetup-profiler-editor-allocator-block-size=1048576"
    "memorysetup-temp-allocator-size-main=16777216"
    "memorysetup-job-temp-allocator-block-size=2097152"
    "memorysetup-job-temp-allocator-block-size-background=1048576"
    "memorysetup-job-temp-allocator-reduction-small-platforms=262144"
    "memorysetup-temp-allocator-size-background-worker=32768"
    "memorysetup-temp-allocator-size-job-worker=262144"
    "memorysetup-temp-allocator-size-preload-manager=33554432"
    "memorysetup-temp-allocator-size-nav-mesh-worker=65536"
    "memorysetup-temp-allocator-size-audio-worker=65536"
    "memorysetup-temp-allocator-size-cloud-worker=32768"
    "memorysetup-temp-allocator-size-gi-baking-worker=262144"
    "memorysetup-temp-allocator-size-gfx=262144"
Refreshing native plugins compatible for Editor in 71.87 ms, found 3 plugins.
Preloading 0 native plugins for Editor in 0.00 ms.
Initialize engine version: 2021.3.13f1 (9e7d58001ecf)
[Subsystems] Discovering subsystems at path C:/Program Files/Unity/Hub/Editor/2021.3.13f1/Editor/Data/Resources/UnitySubsystems
[Subsystems] Discovering subsystems at path C:/Users/109992/Documents/GitHub/neatrobotgame/ROBOT GAME/Assets
GfxDevice: creating device client; threaded=0; jobified=0
Direct3D:
    Version:  Direct3D 11.0 [level 11.1]
    Renderer: NVIDIA GeForce GTX 1660 Ti (ID=0x2182)
    Vendor:   NVIDIA
    VRAM:     5991 MB
    Driver:   27.21.14.5206
Initialize mono
Mono path[0] = 'C:/Program Files/Unity/Hub/Editor/2021.3.13f1/Editor/Data/Managed'
Mono path[1] = 'C:/Program Files/Unity/Hub/Editor/2021.3.13f1/Editor/Data/MonoBleedingEdge/lib/mono/unityjit-win32'
Mono config path = 'C:/Program Files/Unity/Hub/Editor/2021.3.13f1/Editor/Data/MonoBleedingEdge/etc'
Using monoOptions --debugger-agent=transport=dt_socket,embedding=1,server=y,suspend=n,address=127.0.0.1:56916
Begin MonoManager ReloadAssembly
Registering precompiled unity dll's ...
Register platform support module: C:/Program Files/Unity/Hub/Editor/2021.3.13f1/Editor/Data/PlaybackEngines/WebGLSupport/UnityEditor.WebGL.Extensions.dll
Register platform support module: C:/Program Files/Unity/Hub/Editor/2021.3.13f1/Editor/Data/PlaybackEngines/WindowsStandaloneSupport/UnityEditor.WindowsStandalone.Extensions.dll
Registered in 0.003961 seconds.
Native extension for WindowsStandalone target not found
Native extension for WebGL target not found
Refreshing native plugins compatible for Editor in 71.42 ms, found 3 plugins.
Preloading 0 native plugins for Editor in 0.00 ms.
Mono: successfully reloaded assembly
- Completed reload, in  0.537 seconds
Domain Reload Profiling:
	ReloadAssembly (538ms)
		BeginReloadAssembly (63ms)
			ExecutionOrderSort (0ms)
			DisableScriptedObjects (0ms)
			BackupInstance (0ms)
			ReleaseScriptingObjects (0ms)
			CreateAndSetChildDomain (1ms)
		EndReloadAssembly (386ms)
			LoadAssemblies (62ms)
			RebuildTransferFunctionScriptingTraits (0ms)
			SetupTypeCache (85ms)
			ReleaseScriptCaches (0ms)
			RebuildScriptCaches (22ms)
			SetupLoadedEditorAssemblies (239ms)
				LogAssemblyErrors (0ms)
				InitializePlatformSupportModulesInManaged (7ms)
				SetLoadedEditorAssemblies (0ms)
				RefreshPlugins (72ms)
				BeforeProcessingInitializeOnLoad (1ms)
				ProcessInitializeOnLoadAttributes (119ms)
				ProcessInitializeOnLoadMethodAttributes (40ms)
				AfterProcessingInitializeOnLoad (0ms)
				EditorAssembliesLoaded (0ms)
			ExecutionOrderSort2 (0ms)
			AwakeInstancesAfterBackupRestoration (0ms)
Platform modules already initialized, skipping
Registering precompiled user dll's ...
Registered in 0.005120 seconds.
Begin MonoManager ReloadAssembly
Symbol file LoadedFromMemory doesn't match image C:\Users\109992\Documents\GitHub\neatrobotgame\ROBOT GAME\Library\PackageCache\com.unity.visualscripting@1.7.8\Editor\VisualScripting.Core\Dependencies\YamlDotNet\Unity.VisualScripting.YamlDotNet.dll
Symbol file LoadedFromMemory doesn't match image C:\Users\109992\Documents\GitHub\neatrobotgame\ROBOT GAME\Library\PackageCache\com.unity.visualscripting@1.7.8\Editor\VisualScripting.Core\Dependencies\DotNetZip\Unity.VisualScripting.IonicZip.dll
Native extension for WindowsStandalone target not found
Native extension for WebGL target not found
Refreshing native plugins compatible for Editor in 0.61 ms, found 3 plugins.
Preloading 0 native plugins for Editor in 0.00 ms.
Mono: successfully reloaded assembly
- Completed reload, in  0.852 seconds
Domain Reload Profiling:
	ReloadAssembly (852ms)
		BeginReloadAssembly (95ms)
			ExecutionOrderSort (0ms)
			DisableScriptedObjects (6ms)
			BackupInstance (0ms)
			ReleaseScriptingObjects (0ms)
			CreateAndSetChildDomain (17ms)
		EndReloadAssembly (661ms)
			LoadAssemblies (73ms)
			RebuildTransferFunctionScriptingTraits (0ms)
			SetupTypeCache (214ms)
			ReleaseScriptCaches (1ms)
			RebuildScriptCaches (42ms)
			SetupLoadedEditorAssemblies (304ms)
				LogAssemblyErrors (0ms)
				InitializePlatformSupportModulesInManaged (5ms)
				SetLoadedEditorAssemblies (0ms)
				RefreshPlugins (1ms)
				BeforeProcessingInitializeOnLoad (71ms)
				ProcessInitializeOnLoadAttributes (198ms)
				ProcessInitializeOnLoadMethodAttributes (25ms)
				AfterProcessingInitializeOnLoad (3ms)
				EditorAssembliesLoaded (0ms)
			ExecutionOrderSort2 (0ms)
			AwakeInstancesAfterBackupRestoration (7ms)
Platform modules already initialized, skipping
========================================================================
Worker process is ready to serve import requests
Launched and connected shader compiler UnityShaderCompiler.exe after 0.06 seconds
Refreshing native plugins compatible for Editor in 0.59 ms, found 3 plugins.
Preloading 0 native plugins for Editor in 0.00 ms.
Unloading 3397 Unused Serialized files (Serialized files now loaded: 0)
Unloading 27 unused Assets / (113.7 KB). Loaded Objects now: 3870.
Memory consumption went from 131.7 MB to 131.6 MB.
Total: 2.788400 ms (FindLiveObjects: 0.282100 ms CreateObjectMapping: 0.089000 ms MarkObjects: 2.320200 ms  DeleteObjects: 0.096200 ms)

AssetImportParameters requested are different than current active one (requested -> active):
  custom:video-decoder-ogg-theora: a1e56fd34408186e4bbccfd4996cb3dc -> 
  custom:container-muxer-webm: aa71ff27fc2769a1b78a27578f13a17b -> 
  custom:container-demuxer-webm: 4f35f7cbe854078d1ac9338744f61a02 -> 
  custom:video-encoder-webm-vp8: eb34c28f22e8b96e1ab97ce403110664 -> 
  custom:audio-encoder-webm-vorbis: bf7c407c2cedff20999df2af8eb42d56 -> 
  custom:framework-win-MediaFoundation: 216162199b28c13a410421893ffa2e32 -> 
  custom:container-demuxer-ogg: 62fdf1f143b41e24485cea50d1cbac27 -> 
  custom:video-decoder-webm-vp8: 9c59270c3fd7afecdb556c50c9e8de78 -> 
  custom:audio-decoder-ogg-vorbis: bf7c407c2cedff20999df2af8eb42d56 -> 
========================================================================
Received Import Request.
  Time since last request: 311530.368348 seconds.
  path: Assets/Audio/Short-Sounds/AlienAttack.mp3
  artifactKey: Guid(e4b09c6799600814984cea1eeb2706a6) Importer(815301076,1909f56bfc062723c751e8b465ee728b)
Start importing Assets/Audio/Short-Sounds/AlienAttack.mp3 using Guid(e4b09c6799600814984cea1eeb2706a6) Importer(815301076,1909f56bfc062723c751e8b465ee728b)  -> (artifact id: 'a9554acc2382f3f1303f60b06e5dff84') in 0.101377 seconds 
========================================================================
Received Import Request.
  Time since last request: 1.415034 seconds.
  path: Assets/Audio/Short-Sounds/Pickup.mp3
  artifactKey: Guid(9b0f049ca0cc9604b9bd42b0843ee916) Importer(815301076,1909f56bfc062723c751e8b465ee728b)
Start importing Assets/Audio/Short-Sounds/Pickup.mp3 using Guid(9b0f049ca0cc9604b9bd42b0843ee916) Importer(815301076,1909f56bfc062723c751e8b465ee728b)  -> (artifact id: '2a3877a8303e79bc8eaea56fe4c6eb69') in 0.009766 seconds 
========================================================================
Received Import Request.
  Time since last request: 0.944489 seconds.
  path: Assets/Audio/Short-Sounds/ShipBuild.mp3
  artifactKey: Guid(1b610bbbaac410d4ea42a11b606ba87c) Importer(815301076,1909f56bfc062723c751e8b465ee728b)
Start importing Assets/Audio/Short-Sounds/ShipBuild.mp3 using Guid(1b610bbbaac410d4ea42a11b606ba87c) Importer(815301076,1909f56bfc062723c751e8b465ee728b)  -> (artifact id: '1f6b419aa5e44f1c6d7a17c98df9c22c') in 0.008804 seconds 
========================================================================
Received Import Request.
  Time since last request: 27.860156 seconds.
  path: Assets/Audio/Short-Sounds
  artifactKey: Guid(db20bbec412d931468c9731da9b9adbb) Importer(815301076,1909f56bfc062723c751e8b465ee728b)
Start importing Assets/Audio/Short-Sounds using Guid(db20bbec412d931468c9731da9b9adbb) Importer(815301076,1909f56bfc062723c751e8b465ee728b)  -> (artifact id: 'c2de4bef16b0f2bd530b33e9b5d9fed5') in 0.002489 seconds 
========================================================================
Received Import Request.
  Time since last request: 0.078428 seconds.
  path: Assets/Audio/Short-Sounds/Upgrade.mp3
  artifactKey: Guid(5d2850c37b24b0a459223fde53fe5669) Importer(815301076,1909f56bfc062723c751e8b465ee728b)
Start importing Assets/Audio/Short-Sounds/Upgrade.mp3 using Guid(5d2850c37b24b0a459223fde53fe5669) Importer(815301076,1909f56bfc062723c751e8b465ee728b)  -> (artifact id: '3d8f59768ddeb4dda9baa45e09f10891') in 0.008380 seconds 
========================================================================
Received Import Request.
  Time since last request: 110.874242 seconds.
  path: Assets/Audio/Short-Sounds/ButtonClick.mp3
  artifactKey: Guid(ac898e52da03f51479d7591ab593cdc1) Importer(815301076,1909f56bfc062723c751e8b465ee728b)
Start importing Assets/Audio/Short-Sounds/ButtonClick.mp3 using Guid(ac898e52da03f51479d7591ab593cdc1) Importer(815301076,1909f56bfc062723c751e8b465ee728b)  -> (artifact id: '2b336dc65d69ad0fb61cec8171d06347') in 0.008778 seconds 
